\set ECHO none
1..85
ok 1 - citext "a" should  eq   citext "a"
ok 2 - citext "a" should  eq   citext "A"
ok 3 - citext "a" should  ne   citext "b"
ok 4 - citext "À" should  eq   citext "À"
ok 5 - text   "À" should  ne   text   "À"
ok 6 - citext "À" should  eq   citext "à"
ok 7 - text   "À" should  ne   text   "à"
ok 8 - citext "À" should  ne   text   "B"
ok 9 - text   "B" should be lt text   "a"
ok 10 - text   "B" should be le text   "a"
ok 11 - citext "B" should be gt citext "a"
ok 12 - citext "B" should be ge citext "a"
ok 13 - text   "Á" should be lt text   "à"
ok 14 - text   "Á" should be le text   "à"
ok 15 - citext "Á" should be gt citext "à"
ok 16 - citext "Á" should be ge citext "à"
ok 17 - text   "a" should be gt text   "B"
ok 18 - text   "a" should be ge text   "B"
ok 19 - citext "a" should be lt citext "B"
ok 20 - citext "B" should be le citext "B"
ok 21 - text   "à" should be gt text   "Á"
ok 22 - text   "à" should be ge text   "Á"
ok 23 - citext "à" should be lt citext "Á"
ok 24 - citext "à" should be le citext "Á"
ok 25 - citext "a" should eq text "a"
ok 26 - citext "A" should eq text "a"
ok 27 - citext "À" should eq text "À"
ok 28 - citext "À" should eq text "à"
ok 29 - citext "a" should ne text "b"
ok 30 - citext "À" should ne text "B"
ok 31 - citext "a" should = text "a"
ok 32 - citext "A" should = text "a"
ok 33 - citext "À" should = text "À"
ok 34 - citext "À" should = text "à"
ok 35 - citext "a" should <> text "b"
ok 36 - citext "À" should <> text "B"
ok 37 - text "a" should eq citext "a"
ok 38 - text "A" should eq citext "a"
ok 39 - text "À" should eq citext "À"
ok 40 - text "À" should eq citext "à"
ok 41 - text "a" should ne citext "b"
ok 42 - text "À" should ne citext "B"
ok 43 - text "a" should eq citext "a"
ok 44 - text "a" should eq citext "a"
ok 45 - text "À" should eq citext "À"
ok 46 - text "à" should eq citext "À"
ok 47 - text "b" should ne citext "a"
ok 48 - text "B" should ne citext "À"
ok 49 - citext "B" should be gt text "a"
ok 50 - citext "B" should be ge text "a"
ok 51 - citext "Á" should be gt text "à"
ok 52 - citext "Á" should be ge text "à"
ok 53 - text "B" should be gt citext "a"
ok 54 - text "B" should be ge citext "a"
ok 55 - text "Á" should be gt citext "à"
ok 56 - text "Á" should be ge citext "à"
ok 57 - citext "a" should be lt text "B"
ok 58 - citext "B" should be le text "B"
ok 59 - citext "à" should be lt text "Á"
ok 60 - citext "à" should be le text "Á"
ok 61 - text "a" should be lt citext "B"
ok 62 - text "B" should be le citext "B"
ok 63 - text "à" should be lt citext "Á"
ok 64 - text "à" should be le citext "Á"
ok 65 - citext "a" should =  text "a"
ok 66 - citext "A" should <> text "a"
ok 67 - citext "À" should =  text "À"
ok 68 - citext "À" should <  text "à"
ok 69 - citext "a" should <> text "b"
ok 70 - citext "À" should <> text "B"
ok 71 - text "a" should =  citext "a"
ok 72 - text "A" should <> citext "a"
ok 73 - text "À" should =  citext "À"
ok 74 - text "À" should <  citext "à"
ok 75 - text "a" should <> citext "b"
ok 76 - text "À" should <> citext "B"
ok 77 - We should be able to select the value
ok 78 - We should be able to select the value in uppercase
ok 79 - We should be able to select an accented value
ok 80 - We should be able to select an accented value in uppercase
ok 81 - We should get an error inserting a lowercase letter
ok 82 - We should get an error inserting an uppercase letter
ok 83 - We should get an error inserting a lowercase accented letter
ok 84 - We should get an error inserting an uppercase accented letter
ok 85 - The words should be case-insensitively sorted
